<?xml version="1.0" encoding="UTF-8"?>
<testsuite name="DollarCalculatorTest" tests="1" skipped="0" failures="0" errors="0" timestamp="2021-10-06T13:19:22" hostname="DESKTOP-REMDBNM" time="0.587">
  <properties/>
  <testcase name="mockTest()" classname="DollarCalculatorTest" time="0.587"/>
  <system-out><![CDATA[]]></system-out>
  <system-err><![CDATA[]]></system-err>
</testsuite>
